# JRE version: OpenJDK Runtime Environment (8.0_152-b01) (build 1.8.0_152-release-1024-b01)
# Java VM: OpenJDK 64-Bit Server VM (25.152-b01 mixed mode bsd-amd64 compressed oops)
Heap:
 PSYoungGen      total 414720K, used 292811K [0x00000007a0000000, 0x00000007bc200000, 0x00000007c0000000)
  eden space 408064K, 70% used [0x00000007a0000000,0x00000007b17a52e0,0x00000007b8e80000)
  from space 6656K, 96% used [0x00000007bbb80000,0x00000007bc1cdca8,0x00000007bc200000)
  to   space 21504K, 0% used [0x00000007b9800000,0x00000007b9800000,0x00000007bad00000)
 ParOldGen       total 139776K, used 48297K [0x0000000760000000, 0x0000000768880000, 0x00000007a0000000)
  object space 139776K, 34% used [0x0000000760000000,0x0000000762f2a4d8,0x0000000768880000)
 Metaspace       used 85462K, capacity 90716K, committed 90840K, reserved 1128448K
  class space    used 11284K, capacity 12236K, committed 12288K, reserved 1048576K
GC Heap History (10 events):
Event: 214.432 GC heap before
{Heap before GC invocations=19 (full 3):
 PSYoungGen      total 347136K, used 328592K [0x00000007a0000000, 0x00000007bc100000, 0x00000007c0000000)
  eden space 323072K, 100% used [0x00000007a0000000,0x00000007b3b80000,0x00000007b3b80000)
  from space 24064K, 22% used [0x00000007b3b80000,0x00000007b40e4060,0x00000007b5300000)
  to   space 24064K, 0% used [0x00000007ba980000,0x00000007ba980000,0x00000007bc100000)
 ParOldGen       total 139776K, used 48257K [0x0000000760000000, 0x0000000768880000, 0x00000007a0000000)
  object space 139776K, 34% used [0x0000000760000000,0x0000000762f204d8,0x0000000768880000)
 Metaspace       used 83775K, capacity 87874K, committed 88024K, reserved 1126400K
  class space    used 11108K, capacity 11917K, committed 12032K, reserved 1048576K
Event: 214.484 GC heap after
Heap after GC invocations=19 (full 3):
 PSYoungGen      total 411136K, used 6049K [0x00000007a0000000, 0x00000007bb500000, 0x00000007c0000000)
  eden space 399360K, 0% used [0x00000007a0000000,0x00000007a0000000,0x00000007b8600000)
  from space 11776K, 51% used [0x00000007ba980000,0x00000007baf68468,0x00000007bb500000)
  to   space 24064K, 0% used [0x00000007b8600000,0x00000007b8600000,0x00000007b9d80000)
 ParOldGen       total 139776K, used 48265K [0x0000000760000000, 0x0000000768880000, 0x00000007a0000000)
  object space 139776K, 34% used [0x0000000760000000,0x0000000762f224d8,0x0000000768880000)
 Metaspace       used 83775K, capacity 87874K, committed 88024K, reserved 1126400K
  class space    used 11108K, capacity 11917K, committed 12032K, reserved 1048576K
}
Event: 263.964 GC heap before
{Heap before GC invocations=20 (full 3):
 PSYoungGen      total 411136K, used 405409K [0x00000007a0000000, 0x00000007bb500000, 0x00000007c0000000)
  eden space 399360K, 100% used [0x00000007a0000000,0x00000007b8600000,0x00000007b8600000)
  from space 11776K, 51% used [0x00000007ba980000,0x00000007baf68468,0x00000007bb500000)
  to   space 24064K, 0% used [0x00000007b8600000,0x00000007b8600000,0x00000007b9d80000)
 ParOldGen       total 139776K, used 48265K [0x0000000760000000, 0x0000000768880000, 0x00000007a0000000)
  object space 139776K, 34% used [0x0000000760000000,0x0000000762f224d8,0x0000000768880000)
 Metaspace       used 84073K, capacity 88264K, committed 88536K, reserved 1126400K
  class space    used 11120K, capacity 11938K, committed 12032K, reserved 1048576K
Event: 264.003 GC heap after
Heap after GC invocations=20 (full 3):
 PSYoungGen      total 423424K, used 6588K [0x00000007a0000000, 0x00000007be780000, 0x00000007c0000000)
  eden space 399360K, 0% used [0x00000007a0000000,0x00000007a0000000,0x00000007b8600000)
  from space 24064K, 27% used [0x00000007b8600000,0x00000007b8c6f230,0x00000007b9d80000)
  to   space 23552K, 0% used [0x00000007bd080000,0x00000007bd080000,0x00000007be780000)
 ParOldGen       total 139776K, used 48273K [0x0000000760000000, 0x0000000768880000, 0x00000007a0000000)
  object space 139776K, 34% used [0x0000000760000000,0x0000000762f244d8,0x0000000768880000)
 Metaspace       used 84073K, capacity 88264K, committed 88536K, reserved 1126400K
  class space    used 11120K, capacity 11938K, committed 12032K, reserved 1048576K
}
Event: 339.572 GC heap before
{Heap before GC invocations=21 (full 3):
 PSYoungGen      total 423424K, used 405948K [0x00000007a0000000, 0x00000007be780000, 0x00000007c0000000)
  eden space 399360K, 100% used [0x00000007a0000000,0x00000007b8600000,0x00000007b8600000)
  from space 24064K, 27% used [0x00000007b8600000,0x00000007b8c6f230,0x00000007b9d80000)
  to   space 23552K, 0% used [0x00000007bd080000,0x00000007bd080000,0x00000007be780000)
 ParOldGen       total 139776K, used 48273K [0x0000000760000000, 0x0000000768880000, 0x00000007a0000000)
  object space 139776K, 34% used [0x0000000760000000,0x0000000762f244d8,0x0000000768880000)
 Metaspace       used 84517K, capacity 89078K, committed 89304K, reserved 1126400K
  class space    used 11172K, capacity 12031K, committed 12032K, reserved 1048576K
Event: 339.602 GC heap after
Heap after GC invocations=21 (full 3):
 PSYoungGen      total 455168K, used 7591K [0x00000007a0000000, 0x00000007bdc80000, 0x00000007c0000000)
  eden space 442880K, 0% used [0x00000007a0000000,0x00000007a0000000,0x00000007bb080000)
  from space 12288K, 61% used [0x00000007bd080000,0x00000007bd7e9c58,0x00000007bdc80000)
  to   space 22528K, 0% used [0x00000007bb080000,0x00000007bb080000,0x00000007bc680000)
 ParOldGen       total 139776K, used 48281K [0x0000000760000000, 0x0000000768880000, 0x00000007a0000000)
  object space 139776K, 34% used [0x0000000760000000,0x0000000762f264d8,0x0000000768880000)
 Metaspace       used 84517K, capacity 89078K, committed 89304K, reserved 1126400K
  class space    used 11172K, capacity 12031K, committed 12032K, reserved 1048576K
}
Event: 405.984 GC heap before
{Heap before GC invocations=22 (full 3):
 PSYoungGen      total 455168K, used 450471K [0x00000007a0000000, 0x00000007bdc80000, 0x00000007c0000000)
  eden space 442880K, 100% used [0x00000007a0000000,0x00000007bb080000,0x00000007bb080000)
  from space 12288K, 61% used [0x00000007bd080000,0x00000007bd7e9c58,0x00000007bdc80000)
  to   space 22528K, 0% used [0x00000007bb080000,0x00000007bb080000,0x00000007bc680000)
 ParOldGen       total 139776K, used 48281K [0x0000000760000000, 0x0000000768880000, 0x00000007a0000000)
  object space 139776K, 34% used [0x0000000760000000,0x0000000762f264d8,0x0000000768880000)
 Metaspace       used 84684K, capacity 89310K, committed 89688K, reserved 1126400K
  class space    used 11175K, capacity 12035K, committed 12160K, reserved 1048576K
Event: 406.012 GC heap after
Heap after GC invocations=22 (full 3):
 PSYoungGen      total 432128K, used 7111K [0x00000007a0000000, 0x00000007bd100000, 0x00000007c0000000)
  eden space 424960K, 0% used [0x00000007a0000000,0x00000007a0000000,0x00000007b9f00000)
  from space 7168K, 99% used [0x00000007bb080000,0x00000007bb771c38,0x00000007bb780000)
  to   space 22016K, 0% used [0x00000007bbb80000,0x00000007bbb80000,0x00000007bd100000)
 ParOldGen       total 139776K, used 48289K [0x0000000760000000, 0x0000000768880000, 0x00000007a0000000)
  object space 139776K, 34% used [0x0000000760000000,0x0000000762f284d8,0x0000000768880000)
 Metaspace       used 84684K, capacity 89310K, committed 89688K, reserved 1126400K
  class space    used 11175K, capacity 12035K, committed 12160K, reserved 1048576K
}
Event: 505.774 GC heap before
{Heap before GC invocations=23 (full 3):
 PSYoungGen      total 432128K, used 432071K [0x00000007a0000000, 0x00000007bd100000, 0x00000007c0000000)
  eden space 424960K, 100% used [0x00000007a0000000,0x00000007b9f00000,0x00000007b9f00000)
  from space 7168K, 99% used [0x00000007bb080000,0x00000007bb771c38,0x00000007bb780000)
  to   space 22016K, 0% used [0x00000007bbb80000,0x00000007bbb80000,0x00000007bd100000)
 ParOldGen       total 139776K, used 48289K [0x0000000760000000, 0x0000000768880000, 0x00000007a0000000)
  object space 139776K, 34% used [0x0000000760000000,0x0000000762f284d8,0x0000000768880000)
 Metaspace       used 85314K, capacity 90408K, committed 90584K, reserved 1128448K
  class space    used 11262K, capacity 12196K, committed 12288K, reserved 1048576K
Event: 505.799 GC heap after
Heap after GC invocations=23 (full 3):
 PSYoungGen      total 414720K, used 6455K [0x00000007a0000000, 0x00000007bc200000, 0x00000007c0000000)
  eden space 408064K, 0% used [0x00000007a0000000,0x00000007a0000000,0x00000007b8e80000)
  from space 6656K, 96% used [0x00000007bbb80000,0x00000007bc1cdca8,0x00000007bc200000)
  to   space 21504K, 0% used [0x00000007b9800000,0x00000007b9800000,0x00000007bad00000)
 ParOldGen       total 139776K, used 48297K [0x0000000760000000, 0x0000000768880000, 0x00000007a0000000)
  object space 139776K, 34% used [0x0000000760000000,0x0000000762f2a4d8,0x0000000768880000)
 Metaspace       used 85314K, capacity 90408K, committed 90584K, reserved 1128448K
  class space    used 11262K, capacity 12196K, committed 12288K, reserved 1048576K
}

